[debug] [2023-04-12T10:34:46.813Z] ----------------------------------------------------------------------
[debug] [2023-04-12T10:34:46.816Z] Command:       C:\ProgramData\scoop\apps\nodejs\current\node.exe C:\ProgramData\scoop\apps\nodejs\current\bin\node_modules\firebase-tools\lib\bin\firebase.js init
[debug] [2023-04-12T10:34:46.817Z] CLI Version:   11.26.0
[debug] [2023-04-12T10:34:46.817Z] Platform:      win32
[debug] [2023-04-12T10:34:46.817Z] Node Version:  v17.1.0
[debug] [2023-04-12T10:34:46.819Z] Time:          Wed Apr 12 2023 16:04:46 GMT+0530 (India Standard Time)
[debug] [2023-04-12T10:34:46.819Z] ----------------------------------------------------------------------
[debug] 
[debug] [2023-04-12T10:34:46.830Z] > command requires scopes: ["email","openid","https://www.googleapis.com/auth/cloudplatformprojects.readonly","https://www.googleapis.com/auth/firebase","https://www.googleapis.com/auth/cloud-platform"]
[debug] [2023-04-12T10:34:46.831Z] > authorizing via signed-in user (shivamkumar.dev23@gmail.com)
[info] 
     ######## #### ########  ######## ########     ###     ######  ########
     ##        ##  ##     ## ##       ##     ##  ##   ##  ##       ##
     ######    ##  ########  ######   ########  #########  ######  ######
     ##        ##  ##    ##  ##       ##     ## ##     ##       ## ##
     ##       #### ##     ## ######## ########  ##     ##  ######  ########

You're about to initialize a Firebase project in this directory:

  C:\Users\Shivam kumar\Desktop\Projects\netflix

[info] 
=== Project Setup
[info] 
[info] First, let's associate this project directory with a Firebase project.
[info] You can create multiple project aliases by running firebase use --add, 
[info] but for now we'll just set up a default project.
[info] 
[debug] [2023-04-12T10:35:50.823Z] > refreshing access token with scopes: []
[debug] [2023-04-12T10:35:50.826Z] >>> [apiv2][query] POST https://www.googleapis.com/oauth2/v3/token [none]
[debug] [2023-04-12T10:35:50.826Z] >>> [apiv2][body] POST https://www.googleapis.com/oauth2/v3/token [omitted]
[debug] [2023-04-12T10:35:51.346Z] <<< [apiv2][status] POST https://www.googleapis.com/oauth2/v3/token 400
[debug] [2023-04-12T10:35:51.346Z] <<< [apiv2][body] POST https://www.googleapis.com/oauth2/v3/token [omitted]
[debug] [2023-04-12T10:35:51.348Z] >>> [apiv2][query] GET https://firebase.googleapis.com/v1beta1/projects pageSize=100
[debug] [2023-04-12T10:35:51.814Z] <<< [apiv2][status] GET https://firebase.googleapis.com/v1beta1/projects 401
[debug] [2023-04-12T10:35:51.814Z] <<< [apiv2][body] GET https://firebase.googleapis.com/v1beta1/projects [omitted]
[debug] [2023-04-12T10:35:51.815Z] HTTP Error: 401, Request had invalid authentication credentials. Expected OAuth 2 access token, login cookie or other valid authentication credential. See https://developers.google.com/identity/sign-in/web/devconsole-project.
[debug] [2023-04-12T10:35:52.120Z] FirebaseError: HTTP Error: 401, Request had invalid authentication credentials. Expected OAuth 2 access token, login cookie or other valid authentication credential. See https://developers.google.com/identity/sign-in/web/devconsole-project.
    at responseToError (C:\ProgramData\scoop\persist\nodejs\bin\node_modules\firebase-tools\lib\responseToError.js:49:12)
    at RetryOperation._fn (C:\ProgramData\scoop\persist\nodejs\bin\node_modules\firebase-tools\lib\apiv2.js:288:77)
    at processTicksAndRejections (node:internal/process/task_queues:96:5)
[error] 
[error] Error: Failed to list Firebase projects. See firebase-debug.log for more info.
[debug] [2023-04-12T10:39:39.011Z] ----------------------------------------------------------------------
[debug] [2023-04-12T10:39:39.015Z] Command:       C:\ProgramData\scoop\apps\nodejs\current\node.exe C:\ProgramData\scoop\apps\nodejs\current\bin\node_modules\firebase-tools\lib\bin\firebase.js init
[debug] [2023-04-12T10:39:39.016Z] CLI Version:   11.26.0
[debug] [2023-04-12T10:39:39.016Z] Platform:      win32
[debug] [2023-04-12T10:39:39.017Z] Node Version:  v17.1.0
[debug] [2023-04-12T10:39:39.018Z] Time:          Wed Apr 12 2023 16:09:39 GMT+0530 (India Standard Time)
[debug] [2023-04-12T10:39:39.019Z] ----------------------------------------------------------------------
[debug] 
[debug] [2023-04-12T10:39:39.033Z] > command requires scopes: ["email","openid","https://www.googleapis.com/auth/cloudplatformprojects.readonly","https://www.googleapis.com/auth/firebase","https://www.googleapis.com/auth/cloud-platform"]
[debug] [2023-04-12T10:39:39.034Z] > authorizing via signed-in user (shivamkumar.dev23@gmail.com)
[info] 
     ######## #### ########  ######## ########     ###     ######  ########
     ##        ##  ##     ## ##       ##     ##  ##   ##  ##       ##
     ######    ##  ########  ######   ########  #########  ######  ######
     ##        ##  ##    ##  ##       ##     ## ##     ##       ## ##
     ##       #### ##     ## ######## ########  ##     ##  ######  ########

You're about to initialize a Firebase project in this directory:

  C:\Users\Shivam kumar\Desktop\Projects\netflix

[info] 
=== Project Setup
[info] 
[info] First, let's associate this project directory with a Firebase project.
[info] You can create multiple project aliases by running firebase use --add, 
[info] but for now we'll just set up a default project.
[info] 
[debug] [2023-04-12T10:39:56.143Z] >>> [apiv2][query] GET https://firebase.googleapis.com/v1beta1/projects pageSize=100
[debug] [2023-04-12T10:39:57.094Z] <<< [apiv2][status] GET https://firebase.googleapis.com/v1beta1/projects 200
[debug] [2023-04-12T10:39:57.095Z] <<< [apiv2][body] GET https://firebase.googleapis.com/v1beta1/projects [omitted]
[info] i  Using project vibe-messenger-4b246 (Vibe-messenger) 
[info] 
=== Hosting Setup
[info] 
[info] Your public directory is the folder (relative to your project directory) that
[info] will contain Hosting assets to be uploaded with firebase deploy. If you
[info] have a build process for your assets, use your build's output directory.
[info] 
